30549305 1 -747.0
30613655 1 -5759.0
30949610 1 -5016.0
31141989 1 -54.0
31217827 2 -8.0
31217827 3 -1567.0
31234262 2 -814.0
31463954 2 -2352.0
31732032 1 -8344.0
32080893 1 -10890.0
32226062 1 -1784.0
32259031 2 -1.0
32354466 2 -2.0
32389974 2 -37.0
32601945 1 -5.0
32620232 1 -5.0
32620232 2 -240.0
32647330 2 -3787.0
32650360 1 -5060.0
32697087 1 -173.0
32796787 3 -1.0
33083569 3 -233.0
33193862 1 -7195.0
33193862 2 -3146.0
33475757 1 -4045.0
33641904 2 -2.0
33675739 1 -5223.0
33798970 1 -1036.0
33832339 2 -27765.0
33986820 3 -90.0
34406519 1 -24.0
34561658 2 -1996.0
34561881 1 -4.0
34832107 2 -1.0
34841654 1 -30.0
35235760 1 -32.0
35315630 1 -11341.0
35549689 2 -467.0
35569283 2 -2938.0
35740420 1 -1323.0
35776863 2 -1.0
36018186 1 -2.0
36328300 1 -1948.0
36407909 1 -1599.0
36417534 2 -13691.0
36429336 1 -4.0
36986630 2 -5327.0
37013313 1 -5360.0
37013313 2 -5360.0
37179180 1 -6059.0
37270064 2 -188.0
37629882 3 -4334.0
37876320 2 -8648.0
37991215 1 -16.0
37991215 2 -402.0
38323210 1 -233.0
38818677 2 -19.0
38870879 2 -5.0
38878651 1 -3.0
39380090 1 -5149.0
39651826 2 -25.0
39652155 2 -11899.0
39714468 5 -4.0
39800833 1 -2.0
39808193 2 -35.0
