33193862 1 -7195.0
33193862 2 -3146.0
35740420 1 -1323.0
38654765 1 -4285.0
35049634 1 -42.0
30949610 1 -5016.0
39052120 1 -4.0
32259031 2 -1.0
34280478 1 -4.0
32930488 1 -1331.0
38477164 1 -671.0
39217588 1 -37851.0
30549305 2 -50217.0
38156998 1 -36558.0
35771237 3 -44199.0
32828424 1 -78.0
37187494 1 -67652.0
38757313 1 -8262.0
33798970 1 -1036.0
38160524 1 -15415.0
34134184 1 -196.0
30549897 1 -14905.0
37805470 1 -31372.0
39025631 2 -54375.0
32391858 1 -14415.0
34841654 1 -30.0
34158968 1 -24451.0
39292081 1 -9388.0
30500635 1 -1424.0
38497506 1 -19384.0
34997263 1 -13024.0
30078723 1 -36613.0
30058023 2 -21025.0
35475259 1 -569.0
37984140 1 -15188.0
33196019 1 -35520.0
32291823 1 -7767.0
36983235 1 -1529.0
35569283 2 -2938.0
32829114 1 -7650.0
32817197 1 -3521.0
37026266 1 -25562.0
35590542 1 -5769.0
31463954 2 -2352.0
32601945 1 -5.0
36220989 1 -51277.0
36417534 2 -13691.0
39841151 1 -22804.0
39841151 3 -33934.0
31011255 1 -17302.0
33256434 3 -28019.0
35315630 1 -17460.0
35315630 2 -11341.0
38301135 1 -14.0
35776863 2 -1.0
37122552 2 -54050.0
33682028 1 -33280.0
33641904 2 -2.0
34832107 2 -1.0
30004018 1 -5.0
38878651 1 -3.0
30638314 3 -40020.0
31645592 1 -2.0
34561658 2 -1996.0
31313690 1 -7716.0
34129924 1 -39100.0
33782721 1 -3888.0
35972672 1 -2603.0
36992574 1 -25449.0
36582875 1 -14550.0
31470584 1 -834.0
36036372 1 -22835.0
33546403 1 -20301.0
31612206 1 -12472.0
31855550 1 -1.0
36986630 2 -5327.0
38961723 1 -2420.0
31332245 1 -24284.0
33613584 1 -1146.0
38870879 2 -5.0
34670930 1 -23884.0
38658392 1 -1234.0
37631738 1 -18560.0
31732032 1 -8344.0
32123063 1 -16859.0
38911076 1 -1811.0
33071977 3 -61526.0
34105902 1 -2430.0
35587828 1 -15360.0
31234262 2 -814.0
38486785 1 -1066.0
39359147 1 -8423.0
30330874 1 -9438.0
32226062 1 -1784.0
35733993 1 -375.0
34470361 1 -32615.0
35845862 1 -20350.0
32389974 2 -37.0
35283084 1 -14041.0
33230724 2 -48953.0
34139557 1 -43795.0
37876320 2 -8648.0
32354505 1 -13885.0
34826033 1 -1934.0
34341380 1 -17406.0
30560788 1 -4558.0
38772957 1 -5232.0
32430524 1 -16812.0
32345292 1 -25710.0
36407909 1 -1599.0
36736219 1 -3131.0
38961482 2 -44310.0
32650360 1 -5060.0
30373971 2 -27220.0
32426428 1 -15270.0
30128359 1 -6.0
33165871 1 -242.0
31348929 1 -349.0
34664245 1 -1.0
32831044 2 -16500.0
34568150 1 -5603.0
38193913 1 -710.0
38818677 2 -19.0
35399458 1 -22476.0
37568338 1 -38495.0
34619075 1 -26967.0
34563995 1 -14264.0
32941976 1 -19904.0
33951736 2 -34473.0
32462556 1 -29929.0
32354466 2 -2.0
31986541 1 -78037.0
38666720 1 -11150.0
35149566 1 -10820.0
39808193 2 -35.0
35235760 1 -32.0
38049857 1 -2925.0
34073482 1 -41381.0
37379658 1 -14623.0
31239209 1 -4664.0
30610475 1 -13248.0
37270064 2 -188.0
32460031 1 -13913.0
33917913 1 -23293.0
32080893 1 -10890.0
33426506 1 -46731.0
31525827 1 -26420.0
31141989 1 -54.0
30916265 1 -1453.0
36018186 1 -2.0
34311881 1 -8.0
30689359 1 -16386.0
35349410 1 -34201.0
33832339 2 -27765.0
31651964 1 -6408.0
38627763 1 -15412.0
32115504 1 -12540.0
39380090 1 -5149.0
39153211 1 -4920.0
33675739 1 -5223.0
32633840 1 -2.0
34406519 1 -24.0
32620232 1 -5.0
32620232 2 -240.0
31444035 1 -25.0
31647315 1 -14585.0
30582488 1 -13327.0
31189763 1 -513.0
37991215 1 -16.0
37991215 2 -402.0
39800833 1 -2.0
37373741 1 -11379.0
35850696 1 -29689.0
39652155 2 -11899.0
30673495 1 -24238.0
38608525 1 -57789.0
33475757 1 -4045.0
37629882 1 -4334.0
37629882 2 -19595.0
35549689 2 -467.0
38745960 1 -9680.0
31325497 1 -23361.0
31646823 1 -14036.0
30858677 1 -76.0
33083569 3 -233.0
35643257 1 -2507.0
31180945 1 -11945.0
37179180 1 -6059.0
38323210 1 -233.0
39651826 2 -25.0
30613655 1 -5759.0
39904648 1 -4267.0
39714468 5 -4.0
31627753 1 -7611.0
31842690 2 -53350.0
32796787 3 -1.0
36838455 1 -5.0
33953545 2 -31420.0
37523408 1 -391.0
30247984 1 -678.0
39635126 1 -3.0
37013313 1 -5360.0
37013313 2 -5360.0
38460404 1 -30276.0
32697087 1 -173.0
36865139 1 -2017.0
37099881 1 -24251.0
34148423 1 -41169.0
30567137 1 -2715.0
32298499 1 -17456.0
34667784 1 -9.0
35027838 1 -49123.0
36328300 1 -1948.0
31217827 2 -8.0
31217827 3 -1567.0
38302237 1 -20.0
36429336 1 -4.0
33986820 3 -90.0
34561881 1 -4.0
33791747 1 -5346.0
37525468 1 -36313.0
32735737 1 -11.0
37172713 1 -13916.0
30745655 1 -27293.0
32647330 2 -3787.0
30024934 1 -35950.0
39762626 1 -49491.0
31138122 1 -27772.0
32384888 2 -34011.0
33026249 1 -17724.0
33071920 1 -14220.0
32659901 1 -31537.0
35961936 1 -27626.0
30431561 1 -21572.0
38561934 1 -61296.0
36285040 1 -46531.0
