key: 30015010 value_len: 3 dedup_len: 3 merged_len: 2
key: 30244200 value_len: 7 dedup_len: 6 merged_len: 5
key: 30340121 value_len: 3 dedup_len: 3 merged_len: 2
key: 30373971 value_len: 5 dedup_len: 5 merged_len: 4
key: 30391427 value_len: 3 dedup_len: 3 merged_len: 2
key: 30427871 value_len: 3 dedup_len: 2 merged_len: 2
key: 30551860 value_len: 4 dedup_len: 4 merged_len: 3
key: 30560788 value_len: 3 dedup_len: 3 merged_len: 2
key: 30613655 value_len: 3 dedup_len: 3 merged_len: 2
key: 30739656 value_len: 4 dedup_len: 4 merged_len: 3
key: 30949610 value_len: 3 dedup_len: 3 merged_len: 2
key: 31072931 value_len: 4 dedup_len: 4 merged_len: 3
key: 31141989 value_len: 3 dedup_len: 3 merged_len: 2
key: 31217827 value_len: 6 dedup_len: 6 merged_len: 4
key: 31234262 value_len: 5 dedup_len: 5 merged_len: 4
key: 31272962 value_len: 3 dedup_len: 3 merged_len: 2
key: 31320690 value_len: 6 dedup_len: 6 merged_len: 1
key: 31612206 value_len: 3 dedup_len: 3 merged_len: 2
key: 31701999 value_len: 3 dedup_len: 3 merged_len: 2
key: 31732032 value_len: 3 dedup_len: 3 merged_len: 2
key: 31773980 value_len: 3 dedup_len: 3 merged_len: 2
key: 31801230 value_len: 3 dedup_len: 3 merged_len: 2
key: 31803488 value_len: 3 dedup_len: 3 merged_len: 2
key: 32080893 value_len: 3 dedup_len: 3 merged_len: 2
key: 32147981 value_len: 3 dedup_len: 3 merged_len: 2
key: 32285806 value_len: 3 dedup_len: 3 merged_len: 2
key: 32470453 value_len: 4 dedup_len: 4 merged_len: 3
key: 32652025 value_len: 4 dedup_len: 4 merged_len: 3
key: 32685379 value_len: 3 dedup_len: 3 merged_len: 2
key: 32697087 value_len: 3 dedup_len: 3 merged_len: 2
key: 32719878 value_len: 3 dedup_len: 2 merged_len: 1
key: 32905514 value_len: 3 dedup_len: 3 merged_len: 2
key: 33230724 value_len: 5 dedup_len: 5 merged_len: 4
key: 33547419 value_len: 5 dedup_len: 5 merged_len: 4
key: 33641904 value_len: 4 dedup_len: 4 merged_len: 3
key: 33976324 value_len: 4 dedup_len: 4 merged_len: 3
key: 34259942 value_len: 3 dedup_len: 3 merged_len: 2
key: 34664331 value_len: 3 dedup_len: 3 merged_len: 2
key: 34681735 value_len: 3 dedup_len: 3 merged_len: 2
key: 34711898 value_len: 3 dedup_len: 3 merged_len: 2
key: 34841654 value_len: 3 dedup_len: 3 merged_len: 2
key: 35102151 value_len: 4 dedup_len: 4 merged_len: 3
key: 35228901 value_len: 3 dedup_len: 2 merged_len: 2
key: 35235760 value_len: 3 dedup_len: 3 merged_len: 2
key: 35315630 value_len: 3 dedup_len: 3 merged_len: 2
key: 35589420 value_len: 3 dedup_len: 3 merged_len: 2
key: 35611212 value_len: 4 dedup_len: 4 merged_len: 3
key: 35740420 value_len: 3 dedup_len: 3 merged_len: 2
key: 36328300 value_len: 3 dedup_len: 3 merged_len: 2
key: 36471889 value_len: 4 dedup_len: 4 merged_len: 3
key: 36812880 value_len: 4 dedup_len: 4 merged_len: 3
key: 36872985 value_len: 4 dedup_len: 4 merged_len: 3
key: 36917388 value_len: 5 dedup_len: 5 merged_len: 4
key: 36980508 value_len: 3 dedup_len: 3 merged_len: 2
key: 37103459 value_len: 3 dedup_len: 3 merged_len: 2
key: 37179180 value_len: 3 dedup_len: 3 merged_len: 2
key: 37270064 value_len: 4 dedup_len: 4 merged_len: 3
key: 37313278 value_len: 3 dedup_len: 2 merged_len: 2
key: 37510196 value_len: 3 dedup_len: 3 merged_len: 2
key: 37787786 value_len: 3 dedup_len: 3 merged_len: 2
key: 38031223 value_len: 4 dedup_len: 4 merged_len: 3
key: 38138760 value_len: 5 dedup_len: 5 merged_len: 4
key: 38205011 value_len: 3 dedup_len: 3 merged_len: 2
key: 38323210 value_len: 3 dedup_len: 3 merged_len: 2
key: 38326579 value_len: 3 dedup_len: 3 merged_len: 2
key: 38714211 value_len: 3 dedup_len: 2 merged_len: 1
key: 38728080 value_len: 5 dedup_len: 5 merged_len: 4
key: 39249300 value_len: 3 dedup_len: 3 merged_len: 2
key: 39285843 value_len: 3 dedup_len: 3 merged_len: 2
key: 39315678 value_len: 3 dedup_len: 3 merged_len: 2
key: 39380090 value_len: 4 dedup_len: 4 merged_len: 3
key: 39714468 value_len: 7 dedup_len: 7 merged_len: 6
key: 39732143 value_len: 3 dedup_len: 3 merged_len: 2
key: 39784741 value_len: 3 dedup_len: 3 merged_len: 2
