merged:  30015010 2
merged:  30244200 1
merged:  30340121 1
merged:  30373971 2
merged:  30391427 2
merged:  30551860 1
merged:  30560788 2
merged:  30613655 2
merged:  30739656 1
merged:  30949610 1
merged:  31072931 1
merged:  31141989 2
merged:  31217827 3
merged:  31217827 4
merged:  31234262 3
merged:  31272962 1
merged:  31320690 1
merged:  31320690 2
merged:  31320690 3
merged:  31320690 4
merged:  31320690 5
merged:  31612206 2
merged:  31701999 2
merged:  31732032 2
merged:  31773980 2
merged:  31801230 1
merged:  31803488 2
merged:  32080893 2
merged:  32147981 1
merged:  32285806 1
merged:  32470453 1
merged:  32652025 3
merged:  32685379 2
merged:  32697087 2
merged:  32719878 1
merged:  32905514 2
merged:  33230724 2
merged:  33547419 3
merged:  33641904 2
merged:  33976324 1
merged:  34259942 2
merged:  34664331 1
merged:  34681735 2
merged:  34711898 2
merged:  34841654 2
merged:  35102151 3
merged:  35235760 2
merged:  35315630 2
merged:  35589420 1
merged:  35611212 1
merged:  35740420 2
merged:  36328300 1
merged:  36471889 1
merged:  36812880 1
merged:  36872985 2
merged:  36917388 1
merged:  36980508 2
merged:  37103459 2
merged:  37179180 2
merged:  37270064 3
merged:  37510196 2
merged:  37787786 1
merged:  38031223 3
merged:  38138760 4
merged:  38205011 2
merged:  38323210 2
merged:  38326579 2
merged:  38714211 1
merged:  38728080 2
merged:  39249300 2
merged:  39285843 1
merged:  39315678 1
merged:  39380090 2
merged:  39714468 6
merged:  39732143 1
merged:  39784741 1
